<?xml version="1.0" encoding="UTF-8"?>
<testsuites name="Mocha Tests" time="28.379" tests="2" failures="0">
  <testsuite name="Root Suite" timestamp="2024-06-03T20:37:37" tests="0" file="cypress\e2e\search_visual.cy.js" time="0.000" failures="0">
  </testsuite>
  <testsuite name="Search for books - eyes" timestamp="2024-06-03T20:37:37" tests="2" time="28.374" failures="0">
    <testcase name="Search for books - eyes eyes should return one book with title Agile Testing" time="7.464" classname="eyes should return one book with title Agile Testing">
    </testcase>
    <testcase name="Search for books - eyes eyes should return multiple books with title Test" time="2.742" classname="eyes should return multiple books with title Test">
    </testcase>
  </testsuite>
</testsuites>